#-----------------------------------------------------------
# Vivado v2020.1 (64-bit)
# SW Build 2902540 on Wed May 27 19:54:49 MDT 2020
# IP Build 2902112 on Wed May 27 22:43:36 MDT 2020
# Start of session at: Wed Dec  8 17:27:28 2021
# Process ID: 20372
# Current directory: F:/Documents/HabibU/5. Semester 3 - Fall 2021/XueXi/DLD - CS 130/DLD Project/project_trial
# Command line: vivado.exe -gui_launcher_event rodinguilauncherevent17504 F:\Documents\HabibU\5. Semester 3 - Fall 2021\XueXi\DLD - CS 130\DLD Project\project_trial\project_trial.xpr
# Log file: F:/Documents/HabibU/5. Semester 3 - Fall 2021/XueXi/DLD - CS 130/DLD Project/project_trial/vivado.log
# Journal file: F:/Documents/HabibU/5. Semester 3 - Fall 2021/XueXi/DLD - CS 130/DLD Project/project_trial\vivado.jou
#-----------------------------------------------------------
start_gui
open_project {F:/Documents/HabibU/5. Semester 3 - Fall 2021/XueXi/DLD - CS 130/DLD Project/project_trial/project_trial.xpr}
INFO: [ProjectBase 1-489] The host OS only allows 260 characters in a normal path. The project is stored in a path with more than 80 characters. If you experience issues with IP, Block Designs, or files not being found, please consider moving the project to a location with a shorter path. Alternately consider using the OS subst command to map part of the path to a drive letter.
Current project path is 'F:/Documents/HabibU/5. Semester 3 - Fall 2021/XueXi/DLD - CS 130/DLD Project/project_trial'
INFO: [Project 1-313] Project file moved from 'C:/Users/zu06777/Documents/Vivado/project_trial' since last save.
Scanning sources...
Finished scanning sources
INFO: [IP_Flow 19-234] Refreshing IP repositories
INFO: [IP_Flow 19-1704] No user IP repositories specified
INFO: [IP_Flow 19-2313] Loaded Vivado IP repository 'D:/Xilinx/Vivado/2020.1/data/ip'.
open_project: Time (s): cpu = 00:00:27 ; elapsed = 00:00:14 . Memory (MB): peak = 1024.855 ; gain = 0.000
update_compile_order -fileset sources_1
exit
INFO: [Common 17-206] Exiting Vivado at Wed Dec  8 18:46:59 2021...
