#-----------------------------------------------------------
# Vivado v2020.1 (64-bit)
# SW Build 2902540 on Wed May 27 19:54:49 MDT 2020
# IP Build 2902112 on Wed May 27 22:43:36 MDT 2020
# Start of session at: Wed Dec  8 17:22:35 2021
# Process ID: 20468
# Current directory: E:/VIVADO/Vivado/project_trial
# Command line: vivado.exe -gui_launcher_event rodinguilauncherevent2876 E:\VIVADO\Vivado\project_trial\project_trial.xpr
# Log file: E:/VIVADO/Vivado/project_trial/vivado.log
# Journal file: E:/VIVADO/Vivado/project_trial\vivado.jou
#-----------------------------------------------------------
start_gui
open_project E:/VIVADO/Vivado/project_trial/project_trial.xpr
INFO: [Project 1-313] Project file moved from 'C:/Users/zu06777/Documents/Vivado/project_trial' since last save.
Scanning sources...
Finished scanning sources
INFO: [IP_Flow 19-234] Refreshing IP repositories
INFO: [IP_Flow 19-1704] No user IP repositories specified
INFO: [IP_Flow 19-2313] Loaded Vivado IP repository 'D:/Xilinx/Vivado/2020.1/data/ip'.
open_project: Time (s): cpu = 00:00:33 ; elapsed = 00:00:19 . Memory (MB): peak = 1025.922 ; gain = 0.000
update_compile_order -fileset sources_1
