#-----------------------------------------------------------
# Vivado v2020.1 (64-bit)
# SW Build 2902540 on Wed May 27 19:54:49 MDT 2020
# IP Build 2902112 on Wed May 27 22:43:36 MDT 2020
# Start of session at: Thu Dec 16 09:10:37 2021
# Process ID: 3044
# Current directory: C:/Users/zu06777/Documents/Vivado/project_trial
# Command line: vivado.exe -gui_launcher_event rodinguilauncherevent12124 C:\Users\zu06777\Documents\Vivado\project_trial\project_trial.xpr
# Log file: C:/Users/zu06777/Documents/Vivado/project_trial/vivado.log
# Journal file: C:/Users/zu06777/Documents/Vivado/project_trial\vivado.jou
#-----------------------------------------------------------
start_gui
open_project C:/Users/zu06777/Documents/Vivado/project_trial/project_trial.xpr
Scanning sources...
Finished scanning sources
INFO: [IP_Flow 19-234] Refreshing IP repositories
INFO: [IP_Flow 19-1704] No user IP repositories specified
INFO: [IP_Flow 19-2313] Loaded Vivado IP repository 'C:/Xilinx/Vivado/2020.1/data/ip'.
open_project: Time (s): cpu = 00:00:26 ; elapsed = 00:00:30 . Memory (MB): peak = 1018.875 ; gain = 0.000
update_compile_order -fileset sources_1
eexit
INFO: [Common 17-206] Exiting Vivado at Thu Dec 16 09:12:43 2021...
