
*** Running vivado
    with args -log TopLevelModule.vds -m64 -product Vivado -mode batch -messageDb vivado.pb -notrace -source TopLevelModule.tcl



****** Vivado v2020.1 (64-bit)
  **** SW Build 2902540 on Wed May 27 19:54:49 MDT 2020
  **** IP Build 2902112 on Wed May 27 22:43:36 MDT 2020
    ** Copyright 1986-2020 Xilinx, Inc. All Rights Reserved.

source TopLevelModule.tcl -notrace
Command: synth_design -top TopLevelModule -part xc7a35tcpg236-1
Starting synth_design
Attempting to get a license for feature 'Synthesis' and/or device 'xc7a35t'
INFO: [Common 17-349] Got license for feature 'Synthesis' and/or device 'xc7a35t'
INFO: [Device 21-403] Loading part xc7a35tcpg236-1
INFO: [Synth 8-7079] Multithreading enabled for synth_design using a maximum of 2 processes.
INFO: [Synth 8-7078] Launching helper process for spawning children vivado processes
INFO: [Synth 8-7075] Helper process launched with PID 17168
CRITICAL WARNING: [Synth 8-2490] overwriting previous definition of module Keyboard [C:/Users/zu06777/Documents/Vivado/project_trial/project_trial.srcs/sources_1/new/keyboard.v:26]
---------------------------------------------------------------------------------
Starting RTL Elaboration : Time (s): cpu = 00:00:04 ; elapsed = 00:00:06 . Memory (MB): peak = 1027.164 ; gain = 0.000
---------------------------------------------------------------------------------
INFO: [Synth 8-6157] synthesizing module 'TopLevelModule' [C:/Users/zu06777/Documents/Vivado/project_trial/project_trial.srcs/sources_1/new/TopLevelModule.v:10]
INFO: [Synth 8-6157] synthesizing module 'clk_div' [C:/Users/zu06777/Documents/Vivado/project_trial/project_trial.srcs/sources_1/new/TopLevelModule.v:310]
	Parameter div_value bound to: 1 - type: integer 
INFO: [Synth 8-6155] done synthesizing module 'clk_div' (1#1) [C:/Users/zu06777/Documents/Vivado/project_trial/project_trial.srcs/sources_1/new/TopLevelModule.v:310]
INFO: [Synth 8-6157] synthesizing module 'h_counter' [C:/Users/zu06777/Documents/Vivado/project_trial/project_trial.srcs/sources_1/new/TopLevelModule.v:263]
INFO: [Synth 8-6155] done synthesizing module 'h_counter' (2#1) [C:/Users/zu06777/Documents/Vivado/project_trial/project_trial.srcs/sources_1/new/TopLevelModule.v:263]
INFO: [Synth 8-6157] synthesizing module 'v_counter' [C:/Users/zu06777/Documents/Vivado/project_trial/project_trial.srcs/sources_1/new/TopLevelModule.v:287]
INFO: [Synth 8-6155] done synthesizing module 'v_counter' (3#1) [C:/Users/zu06777/Documents/Vivado/project_trial/project_trial.srcs/sources_1/new/TopLevelModule.v:287]
INFO: [Synth 8-6157] synthesizing module 'vga_sync' [C:/Users/zu06777/Documents/Vivado/project_trial/project_trial.srcs/sources_1/new/TopLevelModule.v:34]
	Parameter HD bound to: 640 - type: integer 
	Parameter HF bound to: 48 - type: integer 
	Parameter HB bound to: 16 - type: integer 
	Parameter HR bound to: 96 - type: integer 
	Parameter VD bound to: 480 - type: integer 
	Parameter VF bound to: 10 - type: integer 
	Parameter VB bound to: 33 - type: integer 
	Parameter VR bound to: 2 - type: integer 
INFO: [Synth 8-6155] done synthesizing module 'vga_sync' (4#1) [C:/Users/zu06777/Documents/Vivado/project_trial/project_trial.srcs/sources_1/new/TopLevelModule.v:34]
INFO: [Synth 8-6157] synthesizing module 'Keyboard' [C:/Users/zu06777/Documents/Vivado/project_trial/project_trial.srcs/sources_1/new/keyboard.v:26]
INFO: [Synth 8-6155] done synthesizing module 'Keyboard' (5#1) [C:/Users/zu06777/Documents/Vivado/project_trial/project_trial.srcs/sources_1/new/keyboard.v:26]
INFO: [Synth 8-6157] synthesizing module 'pixel_gen' [C:/Users/zu06777/Documents/Vivado/project_trial/project_trial.srcs/sources_1/new/TopLevelModule.v:199]
	Parameter start bound to: 0 - type: integer 
	Parameter game bound to: 1 - type: integer 
INFO: [Synth 8-6157] synthesizing module 'startup' [C:/Users/zu06777/Documents/Vivado/project_trial/project_trial.srcs/sources_1/new/TopLevelModule.v:71]
INFO: [Synth 8-6155] done synthesizing module 'startup' (6#1) [C:/Users/zu06777/Documents/Vivado/project_trial/project_trial.srcs/sources_1/new/TopLevelModule.v:71]
INFO: [Synth 8-6157] synthesizing module 'learn' [C:/Users/zu06777/Documents/Vivado/project_trial/project_trial.srcs/sources_1/new/TopLevelModule.v:116]
INFO: [Synth 8-6155] done synthesizing module 'learn' (7#1) [C:/Users/zu06777/Documents/Vivado/project_trial/project_trial.srcs/sources_1/new/TopLevelModule.v:116]
INFO: [Synth 8-6155] done synthesizing module 'pixel_gen' (8#1) [C:/Users/zu06777/Documents/Vivado/project_trial/project_trial.srcs/sources_1/new/TopLevelModule.v:199]
INFO: [Synth 8-6155] done synthesizing module 'TopLevelModule' (9#1) [C:/Users/zu06777/Documents/Vivado/project_trial/project_trial.srcs/sources_1/new/TopLevelModule.v:10]
---------------------------------------------------------------------------------
Finished RTL Elaboration : Time (s): cpu = 00:00:05 ; elapsed = 00:00:07 . Memory (MB): peak = 1027.164 ; gain = 0.000
---------------------------------------------------------------------------------
---------------------------------------------------------------------------------
Start Handling Custom Attributes
---------------------------------------------------------------------------------
---------------------------------------------------------------------------------
Finished Handling Custom Attributes : Time (s): cpu = 00:00:06 ; elapsed = 00:00:08 . Memory (MB): peak = 1027.164 ; gain = 0.000
---------------------------------------------------------------------------------
---------------------------------------------------------------------------------
Finished RTL Optimization Phase 1 : Time (s): cpu = 00:00:06 ; elapsed = 00:00:08 . Memory (MB): peak = 1027.164 ; gain = 0.000
---------------------------------------------------------------------------------
Netlist sorting complete. Time (s): cpu = 00:00:00 ; elapsed = 00:00:00.004 . Memory (MB): peak = 1027.164 ; gain = 0.000
INFO: [Project 1-570] Preparing netlist for logic optimization

Processing XDC Constraints
Initializing timing engine
Parsing XDC File [C:/Users/zu06777/Documents/Vivado/project_trial/project_trial.srcs/constrs_1/new/TopLevelModule.xdc]
WARNING: [Vivado 12-584] No ports matched 'state'. [C:/Users/zu06777/Documents/Vivado/project_trial/project_trial.srcs/constrs_1/new/TopLevelModule.xdc:32]
CRITICAL WARNING: [Common 17-55] 'set_property' expects at least one object. [C:/Users/zu06777/Documents/Vivado/project_trial/project_trial.srcs/constrs_1/new/TopLevelModule.xdc:32]
Resolution: If [get_<value>] was used to populate the object, check to make sure this command returns at least one valid object.
WARNING: [Vivado 12-584] No ports matched 'state'. [C:/Users/zu06777/Documents/Vivado/project_trial/project_trial.srcs/constrs_1/new/TopLevelModule.xdc:33]
CRITICAL WARNING: [Common 17-55] 'set_property' expects at least one object. [C:/Users/zu06777/Documents/Vivado/project_trial/project_trial.srcs/constrs_1/new/TopLevelModule.xdc:33]
Resolution: If [get_<value>] was used to populate the object, check to make sure this command returns at least one valid object.
WARNING: [Vivado 12-584] No ports matched 'CLK'. [C:/Users/zu06777/Documents/Vivado/project_trial/project_trial.srcs/constrs_1/new/TopLevelModule.xdc:52]
CRITICAL WARNING: [Common 17-55] 'set_property' expects at least one object. [C:/Users/zu06777/Documents/Vivado/project_trial/project_trial.srcs/constrs_1/new/TopLevelModule.xdc:52]
Resolution: If [get_<value>] was used to populate the object, check to make sure this command returns at least one valid object.
WARNING: [Vivado 12-584] No ports matched 'CLK'. [C:/Users/zu06777/Documents/Vivado/project_trial/project_trial.srcs/constrs_1/new/TopLevelModule.xdc:55]
CRITICAL WARNING: [Common 17-55] 'set_property' expects at least one object. [C:/Users/zu06777/Documents/Vivado/project_trial/project_trial.srcs/constrs_1/new/TopLevelModule.xdc:55]
Resolution: If [get_<value>] was used to populate the object, check to make sure this command returns at least one valid object.
Finished Parsing XDC File [C:/Users/zu06777/Documents/Vivado/project_trial/project_trial.srcs/constrs_1/new/TopLevelModule.xdc]
INFO: [Project 1-236] Implementation specific constraints were found while reading constraint file [C:/Users/zu06777/Documents/Vivado/project_trial/project_trial.srcs/constrs_1/new/TopLevelModule.xdc]. These constraints will be ignored for synthesis but will be used in implementation. Impacted constraints are listed in the file [.Xil/TopLevelModule_propImpl.xdc].
Resolution: To avoid this warning, move constraints listed in [.Xil/TopLevelModule_propImpl.xdc] to another XDC file and exclude this new file from synthesis with the used_in_synthesis property (File Properties dialog in GUI) and re-run elaboration/synthesis.
Completed Processing XDC Constraints

Netlist sorting complete. Time (s): cpu = 00:00:00 ; elapsed = 00:00:00 . Memory (MB): peak = 1030.793 ; gain = 0.000
INFO: [Project 1-111] Unisim Transformation Summary:
No Unisim elements were transformed.

Constraint Validation Runtime : Time (s): cpu = 00:00:00 ; elapsed = 00:00:00.008 . Memory (MB): peak = 1030.793 ; gain = 0.000
---------------------------------------------------------------------------------
Finished Constraint Validation : Time (s): cpu = 00:00:13 ; elapsed = 00:00:16 . Memory (MB): peak = 1030.793 ; gain = 3.629
---------------------------------------------------------------------------------
---------------------------------------------------------------------------------
Start Loading Part and Timing Information
---------------------------------------------------------------------------------
Loading part: xc7a35tcpg236-1
---------------------------------------------------------------------------------
Finished Loading Part and Timing Information : Time (s): cpu = 00:00:13 ; elapsed = 00:00:16 . Memory (MB): peak = 1030.793 ; gain = 3.629
---------------------------------------------------------------------------------
---------------------------------------------------------------------------------
Start Applying 'set_property' XDC Constraints
---------------------------------------------------------------------------------
---------------------------------------------------------------------------------
Finished applying 'set_property' XDC Constraints : Time (s): cpu = 00:00:13 ; elapsed = 00:00:16 . Memory (MB): peak = 1030.793 ; gain = 3.629
---------------------------------------------------------------------------------
---------------------------------------------------------------------------------
Finished RTL Optimization Phase 2 : Time (s): cpu = 00:00:13 ; elapsed = 00:00:16 . Memory (MB): peak = 1030.793 ; gain = 3.629
---------------------------------------------------------------------------------
---------------------------------------------------------------------------------
Start RTL Component Statistics 
---------------------------------------------------------------------------------
Detailed RTL Component Info : 
+---Adders : 
	   2 Input   10 Bit       Adders := 2     
	   2 Input    8 Bit       Adders := 2     
	   2 Input    5 Bit       Adders := 2     
	   2 Input    4 Bit       Adders := 1     
	   2 Input    1 Bit       Adders := 1     
+---XORs : 
	   9 Input      1 Bit         XORs := 1     
+---Registers : 
	               11 Bit    Registers := 1     
	               10 Bit    Registers := 2     
	                8 Bit    Registers := 3     
	                4 Bit    Registers := 4     
	                1 Bit    Registers := 9     
+---Muxes : 
	  31 Input   30 Bit        Muxes := 1     
	   2 Input    4 Bit        Muxes := 3     
	   5 Input    4 Bit        Muxes := 1     
	   4 Input    4 Bit        Muxes := 1     
	   3 Input    4 Bit        Muxes := 2     
	   2 Input    2 Bit        Muxes := 1     
	   2 Input    1 Bit        Muxes := 10    
---------------------------------------------------------------------------------
Finished RTL Component Statistics 
---------------------------------------------------------------------------------
---------------------------------------------------------------------------------
Start Part Resource Summary
---------------------------------------------------------------------------------
Part Resources:
DSPs: 90 (col length:60)
BRAMs: 100 (col length: RAMB18 60 RAMB36 30)
---------------------------------------------------------------------------------
Finished Part Resource Summary
---------------------------------------------------------------------------------
---------------------------------------------------------------------------------
Start Cross Boundary and Area Optimization
---------------------------------------------------------------------------------
---------------------------------------------------------------------------------
Finished Cross Boundary and Area Optimization : Time (s): cpu = 00:00:15 ; elapsed = 00:00:19 . Memory (MB): peak = 1030.793 ; gain = 3.629
---------------------------------------------------------------------------------
---------------------------------------------------------------------------------
Start ROM, RAM, DSP and Shift Register Reporting
---------------------------------------------------------------------------------

ROM: Preliminary Mapping	Report
+---------------+------------+---------------+----------------+
|Module Name    | RTL Object | Depth x Width | Implemented As | 
+---------------+------------+---------------+----------------+
|learn          | p_0_out    | 32x25         | LUT            | 
|TopLevelModule | p_0_out    | 32x25         | LUT            | 
+---------------+------------+---------------+----------------+

---------------------------------------------------------------------------------
Finished ROM, RAM, DSP and Shift Register Reporting
---------------------------------------------------------------------------------
---------------------------------------------------------------------------------
Start Applying XDC Timing Constraints
---------------------------------------------------------------------------------
---------------------------------------------------------------------------------
Finished Applying XDC Timing Constraints : Time (s): cpu = 00:00:23 ; elapsed = 00:00:27 . Memory (MB): peak = 1030.793 ; gain = 3.629
---------------------------------------------------------------------------------
---------------------------------------------------------------------------------
Start Timing Optimization
---------------------------------------------------------------------------------
---------------------------------------------------------------------------------
Finished Timing Optimization : Time (s): cpu = 00:00:23 ; elapsed = 00:00:27 . Memory (MB): peak = 1030.793 ; gain = 3.629
---------------------------------------------------------------------------------
---------------------------------------------------------------------------------
Start Technology Mapping
---------------------------------------------------------------------------------
---------------------------------------------------------------------------------
Finished Technology Mapping : Time (s): cpu = 00:00:23 ; elapsed = 00:00:27 . Memory (MB): peak = 1044.195 ; gain = 17.031
---------------------------------------------------------------------------------
---------------------------------------------------------------------------------
Start IO Insertion
---------------------------------------------------------------------------------
---------------------------------------------------------------------------------
Start Flattening Before IO Insertion
---------------------------------------------------------------------------------
---------------------------------------------------------------------------------
Finished Flattening Before IO Insertion
---------------------------------------------------------------------------------
---------------------------------------------------------------------------------
Start Final Netlist Cleanup
---------------------------------------------------------------------------------
---------------------------------------------------------------------------------
Finished Final Netlist Cleanup
---------------------------------------------------------------------------------
---------------------------------------------------------------------------------
Finished IO Insertion : Time (s): cpu = 00:00:27 ; elapsed = 00:00:31 . Memory (MB): peak = 1044.195 ; gain = 17.031
---------------------------------------------------------------------------------
---------------------------------------------------------------------------------
Start Renaming Generated Instances
---------------------------------------------------------------------------------
---------------------------------------------------------------------------------
Finished Renaming Generated Instances : Time (s): cpu = 00:00:27 ; elapsed = 00:00:31 . Memory (MB): peak = 1044.195 ; gain = 17.031
---------------------------------------------------------------------------------
---------------------------------------------------------------------------------
Start Rebuilding User Hierarchy
---------------------------------------------------------------------------------
---------------------------------------------------------------------------------
Finished Rebuilding User Hierarchy : Time (s): cpu = 00:00:27 ; elapsed = 00:00:31 . Memory (MB): peak = 1044.195 ; gain = 17.031
---------------------------------------------------------------------------------
---------------------------------------------------------------------------------
Start Renaming Generated Ports
---------------------------------------------------------------------------------
---------------------------------------------------------------------------------
Finished Renaming Generated Ports : Time (s): cpu = 00:00:27 ; elapsed = 00:00:31 . Memory (MB): peak = 1044.195 ; gain = 17.031
---------------------------------------------------------------------------------
---------------------------------------------------------------------------------
Start Handling Custom Attributes
---------------------------------------------------------------------------------
---------------------------------------------------------------------------------
Finished Handling Custom Attributes : Time (s): cpu = 00:00:27 ; elapsed = 00:00:31 . Memory (MB): peak = 1044.195 ; gain = 17.031
---------------------------------------------------------------------------------
---------------------------------------------------------------------------------
Start Renaming Generated Nets
---------------------------------------------------------------------------------
---------------------------------------------------------------------------------
Finished Renaming Generated Nets : Time (s): cpu = 00:00:27 ; elapsed = 00:00:31 . Memory (MB): peak = 1044.195 ; gain = 17.031
---------------------------------------------------------------------------------
---------------------------------------------------------------------------------
Start Writing Synthesis Report
---------------------------------------------------------------------------------

Report BlackBoxes: 
+-+--------------+----------+
| |BlackBox name |Instances |
+-+--------------+----------+
+-+--------------+----------+

Report Cell Usage: 
+------+-------+------+
|      |Cell   |Count |
+------+-------+------+
|1     |BUFG   |     2|
|2     |CARRY4 |     5|
|3     |LUT1   |     6|
|4     |LUT2   |    16|
|5     |LUT3   |    13|
|6     |LUT4   |    18|
|7     |LUT5   |    41|
|8     |LUT6   |    40|
|9     |MUXF7  |    13|
|10    |FDRE   |    83|
|11    |IBUF   |     3|
|12    |OBUF   |    22|
+------+-------+------+
---------------------------------------------------------------------------------
Finished Writing Synthesis Report : Time (s): cpu = 00:00:27 ; elapsed = 00:00:31 . Memory (MB): peak = 1044.195 ; gain = 17.031
---------------------------------------------------------------------------------
Synthesis finished with 0 errors, 0 critical warnings and 0 warnings.
Synthesis Optimization Runtime : Time (s): cpu = 00:00:20 ; elapsed = 00:00:29 . Memory (MB): peak = 1044.195 ; gain = 13.402
Synthesis Optimization Complete : Time (s): cpu = 00:00:28 ; elapsed = 00:00:32 . Memory (MB): peak = 1044.195 ; gain = 17.031
INFO: [Project 1-571] Translating synthesized netlist
Netlist sorting complete. Time (s): cpu = 00:00:00 ; elapsed = 00:00:00.003 . Memory (MB): peak = 1044.195 ; gain = 0.000
INFO: [Netlist 29-17] Analyzing 18 Unisim elements for replacement
INFO: [Netlist 29-28] Unisim Transformation completed in 0 CPU seconds
INFO: [Project 1-570] Preparing netlist for logic optimization
INFO: [Opt 31-138] Pushed 0 inverter(s) to 0 load pin(s).
Netlist sorting complete. Time (s): cpu = 00:00:00 ; elapsed = 00:00:00 . Memory (MB): peak = 1051.879 ; gain = 0.000
INFO: [Project 1-111] Unisim Transformation Summary:
No Unisim elements were transformed.

INFO: [Common 17-83] Releasing license: Synthesis
33 Infos, 4 Warnings, 5 Critical Warnings and 0 Errors encountered.
synth_design completed successfully
synth_design: Time (s): cpu = 00:00:34 ; elapsed = 00:00:45 . Memory (MB): peak = 1051.879 ; gain = 24.715
INFO: [Common 17-1381] The checkpoint 'C:/Users/zu06777/Documents/Vivado/project_trial/project_trial.runs/synth_1/TopLevelModule.dcp' has been generated.
INFO: [runtcl-4] Executing : report_utilization -file TopLevelModule_utilization_synth.rpt -pb TopLevelModule_utilization_synth.pb
INFO: [Common 17-206] Exiting Vivado at Sat Dec 11 10:48:20 2021...
