#-----------------------------------------------------------
# Vivado v2020.1 (64-bit)
# SW Build 2902540 on Wed May 27 19:54:49 MDT 2020
# IP Build 2902112 on Wed May 27 22:43:36 MDT 2020
# Start of session at: Wed Dec 15 16:54:11 2021
# Process ID: 16716
# Current directory: D:/Removable Disk/VIVADO/project_trial
# Command line: vivado.exe -gui_launcher_event rodinguilauncherevent11060 D:\Removable Disk\VIVADO\project_trial\project_trial.xpr
# Log file: D:/Removable Disk/VIVADO/project_trial/vivado.log
# Journal file: D:/Removable Disk/VIVADO/project_trial\vivado.jou
#-----------------------------------------------------------
start_gui
open_project {D:/Removable Disk/VIVADO/project_trial/project_trial.xpr}
INFO: [Project 1-313] Project file moved from 'C:/Users/zu06777/Documents/Vivado/project_trial' since last save.
Scanning sources...
Finished scanning sources
INFO: [IP_Flow 19-234] Refreshing IP repositories
INFO: [IP_Flow 19-1704] No user IP repositories specified
INFO: [IP_Flow 19-2313] Loaded Vivado IP repository 'E:/dld/Vivado/2020.1/data/ip'.
open_project: Time (s): cpu = 00:00:33 ; elapsed = 00:00:18 . Memory (MB): peak = 1016.324 ; gain = 0.000
update_compile_order -fileset sources_1
